Arguments: 
  /Users/anhtn/.nvm/versions/node/v12.22.3/bin/node /usr/local/bin/yarn add -D ts-node

PATH: 
  /Users/anhtn/.nvm/versions/node/v12.22.3/bin:/usr/local/mysql/bin:/usr/local/opt/python@3.8/bin:/Applications/Postgres.app/Contents/Versions/13/bin:/usr/local/opt/openjdk/bin:/opt/local/bin:/opt/local/sbin:/usr/local/bin:/usr/bin:/bin:/usr/sbin:/sbin:/Applications/VMware Fusion.app/Contents/Public:/Library/Apple/usr/bin:/Users/anhtn/.nvm/versions/node/v12.22.3/bin:/usr/local/mysql/bin:/usr/local/opt/python@3.8/bin:/Applications/Postgres.app/Contents/Versions/13/bin:/usr/local/opt/openjdk/bin:/opt/local/bin:/opt/local/sbin:/Applications/Visual Studio Code.app/Contents/Resources/app/bin:/Applications/Visual Studio Code.app/Contents/Resources/app/bin

Yarn version: 
  1.22.10

Node version: 
  12.22.3

Platform: 
  darwin x64

Trace: 
  SyntaxError: /Users/anhtn/NextJS/full-stack/server/package.json: Unexpected string in JSON at position 154
      at JSON.parse (<anonymous>)
      at /usr/local/lib/node_modules/yarn/lib/cli.js:1625:59
      at Generator.next (<anonymous>)
      at step (/usr/local/lib/node_modules/yarn/lib/cli.js:310:30)
      at /usr/local/lib/node_modules/yarn/lib/cli.js:321:13

npm manifest: 
  {
    "name": "server",
    "version": "1.0.0",
    "description": "reddit",
    "main": "index.js",
    "script" : {
      "start" : "ts-node server/index.ts"
    }
    "author": "joseph.tran.tn",
    "license": "MIT",
    "devDependencies": {
      "@types/node": "^16.7.2",
      "typescript": "^4.3.5"
    }
  }

yarn manifest: 
  No manifest

Lockfile: 
  # THIS IS AN AUTOGENERATED FILE. DO NOT EDIT THIS FILE DIRECTLY.
  # yarn lockfile v1
  
  
  "@types/node@^16.7.2":
    version "16.7.2"
    resolved "https://registry.yarnpkg.com/@types/node/-/node-16.7.2.tgz#0465a39b5456b61a04d98bd5545f8b34be340cb7"
    integrity sha512-TbG4TOx9hng8FKxaVrCisdaxKxqEwJ3zwHoCWXZ0Jw6mnvTInpaB99/2Cy4+XxpXtjNv9/TgfGSvZFyfV/t8Fw==
  
  typescript@^4.3.5:
    version "4.3.5"
    resolved "https://registry.yarnpkg.com/typescript/-/typescript-4.3.5.tgz#4d1c37cc16e893973c45a06886b7113234f119f4"
    integrity sha512-DqQgihaQ9cUrskJo9kIyW/+g0Vxsk8cDtZ52a3NGh0YNTfpUSArXSohyUGnvbPazEPLu398C0UxmKSOrPumUzA==
